<?xml version="1.0" encoding="UTF-8"?>
<!-- Generated by org.testng.reporters.JUnitXMLReporter -->
<testsuite ignored="0" hostname="LAPTOP-5GU9F064" failures="1" tests="9" name="Surefire test" time="14.008" errors="0" timestamp="2024-02-05T22:14:33 IST">
  <testcase classname="api.test.DDTests" name="testDeleteUserByName" time="2.684"/>
  <testcase classname="api.test.DDTests" name="testDeleteUserByName" time="1.232"/>
  <testcase classname="api.test.DDTests" name="testDeleteUserByName" time="1.091"/>
  <testcase classname="api.test.DDTests" name="testDeleteUserByName" time="1.132"/>
  <testcase classname="api.test.DDTests" name="testPostUser" time="0.0">
    <failure type="java.lang.RuntimeException" message="java.lang.NullPointerException: Cannot invoke &amp;quot;org.apache.poi.xssf.usermodel.XSSFRow.getLastCellNum()&amp;quot; because &amp;quot;this.row&amp;quot; is null">
      <![CDATA[java.lang.RuntimeException: java.lang.NullPointerException: Cannot invoke "org.apache.poi.xssf.usermodel.XSSFRow.getLastCellNum()" because "this.row" is null
at java.base/java.util.ArrayList.forEach(ArrayList.java:1511)
Caused by: java.lang.NullPointerException: Cannot invoke "org.apache.poi.xssf.usermodel.XSSFRow.getLastCellNum()" because "this.row" is null
at api.utilities.ExcelUtility.getCellCount(ExcelUtility.java:46)
at api.utilities.DataProviders.getAllData(DataProviders.java:14)
... 30 more
... Removed 37 stack frames]]>
    </failure>
  </testcase> <!-- testPostUser -->
  <testcase classname="api.test.UserTests" name="testPostUser" time="1.906"/>
  <testcase classname="api.test.UserTests" name="testGetUserUserByName" time="1.133"/>
  <testcase classname="api.test.UserTests" name="testUpdateUserByName" time="2.393"/>
  <testcase classname="api.test.UserTests" name="deleteUserByName" time="1.105"/>
</testsuite> <!-- Surefire test -->
