<?xml version="1.0" encoding="UTF-8"?>
<testng-results ignored="0" total="4" passed="4" failed="0" skipped="0">
  <reporter-output>
  </reporter-output>
  <suite started-at="2024-02-05T21:38:11 IST" name="PetSuite" finished-at="2024-02-05T21:38:20 IST" duration-ms="8712">
    <groups>
    </groups>
    <test started-at="2024-02-05T21:38:11 IST" name="PetTest" finished-at="2024-02-05T21:38:20 IST" duration-ms="8712">
      <class name="api.test.UserTests2">
        <test-method is-config="true" signature="setupData()[pri:0, instance:api.test.UserTests2@3023df74]" started-at="2024-02-05T21:38:11 IST" name="setupData" finished-at="2024-02-05T21:38:12 IST" duration-ms="158" status="PASS">
          <reporter-output>
          </reporter-output>
        </test-method> <!-- setupData -->
        <test-method signature="testPostUser()[pri:1, instance:api.test.UserTests2@3023df74]" started-at="2024-02-05T21:38:12 IST" name="testPostUser" finished-at="2024-02-05T21:38:14 IST" duration-ms="2800" status="PASS">
          <reporter-output>
          </reporter-output>
        </test-method> <!-- testPostUser -->
        <test-method signature="testGetUserUserByName()[pri:2, instance:api.test.UserTests2@3023df74]" started-at="2024-02-05T21:38:14 IST" name="testGetUserUserByName" finished-at="2024-02-05T21:38:16 IST" duration-ms="1645" status="PASS">
          <reporter-output>
          </reporter-output>
        </test-method> <!-- testGetUserUserByName -->
        <test-method signature="testUpdateUserByName()[pri:3, instance:api.test.UserTests2@3023df74]" started-at="2024-02-05T21:38:16 IST" name="testUpdateUserByName" finished-at="2024-02-05T21:38:19 IST" duration-ms="2545" status="PASS">
          <reporter-output>
          </reporter-output>
        </test-method> <!-- testUpdateUserByName -->
        <test-method signature="deleteUserByName()[pri:4, instance:api.test.UserTests2@3023df74]" started-at="2024-02-05T21:38:19 IST" name="deleteUserByName" finished-at="2024-02-05T21:38:20 IST" duration-ms="1234" status="PASS">
          <reporter-output>
          </reporter-output>
        </test-method> <!-- deleteUserByName -->
      </class> <!-- api.test.UserTests2 -->
    </test> <!-- PetTest -->
  </suite> <!-- PetSuite -->
</testng-results>
