<?xml version="1.0" encoding="UTF-8"?>
<!-- Generated by org.testng.reporters.JUnitXMLReporter -->
<testsuite ignored="0" hostname="LAPTOP-5GU9F064" failures="0" tests="4" name="PetTest" time="8.712" errors="0" timestamp="2024-02-05T21:38:20 IST">
  <testcase classname="api.test.UserTests2" name="testPostUser" time="2.8"/>
  <testcase classname="api.test.UserTests2" name="testGetUserUserByName" time="1.645"/>
  <testcase classname="api.test.UserTests2" name="testUpdateUserByName" time="2.545"/>
  <testcase classname="api.test.UserTests2" name="deleteUserByName" time="1.234"/>
</testsuite> <!-- PetTest -->
